(asctime)s - login - ERROR - this is °¡ error - [logger.py:39]
(asctime)s - login - ERROR - this is a error - [logger.py:39]
2019-02-19 14:14:16,316 - login - ERROR - this is a error - [logger.py:39]
2019-02-19 14:40:48,792 - login - ERROR - this is a error - [logger.py:39]
2019-02-19 14:41:49,938 - login - ERROR - this is a error - [logger.py:38]
2019-02-19 14:47:29,426 - login - INFO - this is a error - [logger.py:38]
2019-02-19 14:48:19,256 - login - ERROR - this is a error - [logger.py:38]
2019-02-19 14:48:33,726 - login - ERROR - this is a error - [logger.py:38]
2019-02-19 15:20:57,736 - login - INFO - this is a error - [logger.py:38]
2019-02-19 15:23:08,394 - login - INFO - this is å•Š error - [logger.py:38]
2019-02-19 15:23:19,256 - login - INFO - this is å˜¿å˜¿ error - [logger.py:38]
2019-02-19 15:24:43,687 - login - INFO - å¼€å§‹æ‰§è¡Œç¬¬8æ¡ç”¨ä¾‹ - [test_login.py:18]
2019-02-19 15:24:43,811 - login - INFO - å¼€å§‹æ‰§è¡Œç¬¬8æ¡ç”¨ä¾‹ - [test_login.py:18]
2019-02-19 15:24:43,848 - login - INFO - å¼€å§‹æ‰§è¡Œç¬¬8æ¡ç”¨ä¾‹ - [test_login.py:18]
2019-02-19 15:24:43,885 - login - INFO - å¼€å§‹æ‰§è¡Œç¬¬8æ¡ç”¨ä¾‹ - [test_login.py:18]
2019-02-19 15:24:43,923 - login - INFO - å¼€å§‹æ‰§è¡Œç¬¬8æ¡ç”¨ä¾‹ - [test_login.py:18]
2019-02-19 15:24:43,963 - login - INFO - å¼€å§‹æ‰§è¡Œç¬¬8æ¡ç”¨ä¾‹ - [test_login.py:18]
2019-02-19 15:24:44,000 - login - INFO - å¼€å§‹æ‰§è¡Œç¬¬8æ¡ç”¨ä¾‹ - [test_login.py:18]
2019-02-19 15:24:44,039 - login - INFO - å¼€å§‹æ‰§è¡Œç¬¬8æ¡ç”¨ä¾‹ - [test_login.py:18]
2019-02-19 15:25:44,207 - login - INFO - å¼€å§‹æ‰§è¡Œç¬¬8æ¡ç”¨ä¾‹ - [test_login.py:19]
2019-02-19 15:25:44,289 - login - INFO - å¼€å§‹æ‰§è¡Œç¬¬8æ¡ç”¨ä¾‹ - [test_login.py:19]
2019-02-19 15:25:44,325 - login - INFO - å¼€å§‹æ‰§è¡Œç¬¬8æ¡ç”¨ä¾‹ - [test_login.py:19]
2019-02-19 15:25:44,362 - login - INFO - å¼€å§‹æ‰§è¡Œç¬¬8æ¡ç”¨ä¾‹ - [test_login.py:19]
2019-02-19 15:25:44,401 - login - INFO - å¼€å§‹æ‰§è¡Œç¬¬8æ¡ç”¨ä¾‹ - [test_login.py:19]
2019-02-19 15:25:44,438 - login - INFO - å¼€å§‹æ‰§è¡Œç¬¬8æ¡ç”¨ä¾‹ - [test_login.py:19]
2019-02-19 15:25:44,476 - login - INFO - å¼€å§‹æ‰§è¡Œç¬¬8æ¡ç”¨ä¾‹ - [test_login.py:19]
2019-02-19 15:25:44,515 - login - INFO - å¼€å§‹æ‰§è¡Œç¬¬8æ¡ç”¨ä¾‹ - [test_login.py:19]
2019-02-19 15:28:53,569 - login - INFO - å¼€å§‹æ‰§è¡Œç¬¬8æ¡ç”¨ä¾‹ - [test_login.py:19]
2019-02-19 15:28:53,653 - login - INFO - å¼€å§‹æ‰§è¡Œç¬¬8æ¡ç”¨ä¾‹ - [test_login.py:19]
2019-02-19 15:28:53,690 - login - INFO - å¼€å§‹æ‰§è¡Œç¬¬8æ¡ç”¨ä¾‹ - [test_login.py:19]
2019-02-19 15:28:53,726 - login - INFO - å¼€å§‹æ‰§è¡Œç¬¬8æ¡ç”¨ä¾‹ - [test_login.py:19]
2019-02-19 15:28:53,763 - login - INFO - å¼€å§‹æ‰§è¡Œç¬¬8æ¡ç”¨ä¾‹ - [test_login.py:19]
2019-02-19 15:28:53,802 - login - INFO - å¼€å§‹æ‰§è¡Œç¬¬8æ¡ç”¨ä¾‹ - [test_login.py:19]
2019-02-19 15:28:53,838 - login - INFO - å¼€å§‹æ‰§è¡Œç¬¬8æ¡ç”¨ä¾‹ - [test_login.py:19]
2019-02-19 15:28:53,875 - login - INFO - å¼€å§‹æ‰§è¡Œç¬¬8æ¡ç”¨ä¾‹ - [test_login.py:19]
2019-02-19 15:31:41,361 - login - INFO - å¼€å§‹æ‰§è¡Œç¬¬8æ¡ç”¨ä¾‹ - [test_login.py:19]
2019-02-19 15:31:41,444 - login - INFO - å¼€å§‹æ‰§è¡Œç¬¬8æ¡ç”¨ä¾‹ - [test_login.py:19]
2019-02-19 15:31:41,482 - login - INFO - å¼€å§‹æ‰§è¡Œç¬¬8æ¡ç”¨ä¾‹ - [test_login.py:19]
2019-02-19 15:31:41,520 - login - INFO - å¼€å§‹æ‰§è¡Œç¬¬8æ¡ç”¨ä¾‹ - [test_login.py:19]
2019-02-19 15:31:41,558 - login - INFO - å¼€å§‹æ‰§è¡Œç¬¬8æ¡ç”¨ä¾‹ - [test_login.py:19]
2019-02-19 15:31:41,595 - login - INFO - å¼€å§‹æ‰§è¡Œç¬¬8æ¡ç”¨ä¾‹ - [test_login.py:19]
2019-02-19 15:31:41,634 - login - INFO - å¼€å§‹æ‰§è¡Œç¬¬8æ¡ç”¨ä¾‹ - [test_login.py:19]
2019-02-19 15:31:41,671 - login - INFO - å¼€å§‹æ‰§è¡Œç¬¬8æ¡ç”¨ä¾‹ - [test_login.py:19]
2019-02-19 15:43:59,595 - login - INFO - å¼€å§‹æ‰§è¡Œç¬¬8æ¡ç”¨ä¾‹ - [test_login.py:18]
2019-02-19 15:43:59,732 - login - ERROR - ç¬¬8æ¡ç”¨ä¾‹ç»“æœ:fail - [test_login.py:27]
2019-02-19 15:43:59,736 - login - INFO - å¼€å§‹æ‰§è¡Œç¬¬8æ¡ç”¨ä¾‹ - [test_login.py:18]
2019-02-19 15:43:59,776 - login - ERROR - ç¬¬8æ¡ç”¨ä¾‹ç»“æœ:fail - [test_login.py:27]
2019-02-19 15:43:59,785 - login - INFO - å¼€å§‹æ‰§è¡Œç¬¬8æ¡ç”¨ä¾‹ - [test_login.py:18]
2019-02-19 15:43:59,829 - login - ERROR - ç¬¬8æ¡ç”¨ä¾‹ç»“æœ:fail - [test_login.py:27]
2019-02-19 15:43:59,834 - login - INFO - å¼€å§‹æ‰§è¡Œç¬¬8æ¡ç”¨ä¾‹ - [test_login.py:18]
2019-02-19 15:43:59,882 - login - ERROR - ç¬¬8æ¡ç”¨ä¾‹ç»“æœ:fail - [test_login.py:27]
2019-02-19 15:43:59,887 - login - INFO - å¼€å§‹æ‰§è¡Œç¬¬8æ¡ç”¨ä¾‹ - [test_login.py:18]
2019-02-19 15:43:59,926 - login - ERROR - ç¬¬8æ¡ç”¨ä¾‹ç»“æœ:fail - [test_login.py:27]
2019-02-19 15:43:59,930 - login - INFO - å¼€å§‹æ‰§è¡Œç¬¬8æ¡ç”¨ä¾‹ - [test_login.py:18]
2019-02-19 15:43:59,973 - login - ERROR - ç¬¬8æ¡ç”¨ä¾‹ç»“æœ:fail - [test_login.py:27]
2019-02-19 15:43:59,976 - login - INFO - å¼€å§‹æ‰§è¡Œç¬¬8æ¡ç”¨ä¾‹ - [test_login.py:18]
2019-02-19 15:44:00,026 - login - ERROR - ç¬¬8æ¡ç”¨ä¾‹ç»“æœ:fail - [test_login.py:27]
2019-02-19 15:44:00,029 - login - INFO - å¼€å§‹æ‰§è¡Œç¬¬8æ¡ç”¨ä¾‹ - [test_login.py:18]
2019-02-19 15:44:00,085 - login - ERROR - ç¬¬8æ¡ç”¨ä¾‹ç»“æœ:fail - [test_login.py:27]
2019-02-19 15:48:40,953 - login - INFO - å¼€å§‹æ‰§è¡Œç¬¬8æ¡ç”¨ä¾‹ - [test_login.py:18]
2019-02-19 15:48:41,055 - login - ERROR - ç¬¬8æ¡ç”¨ä¾‹ç»“æœ:fail - [test_login.py:27]
2019-02-19 15:48:41,062 - login - INFO - å¼€å§‹æ‰§è¡Œç¬¬8æ¡ç”¨ä¾‹ - [test_login.py:18]
2019-02-19 15:48:41,101 - login - ERROR - ç¬¬8æ¡ç”¨ä¾‹ç»“æœ:fail - [test_login.py:27]
2019-02-19 15:48:41,104 - login - INFO - å¼€å§‹æ‰§è¡Œç¬¬8æ¡ç”¨ä¾‹ - [test_login.py:18]
2019-02-19 15:48:41,138 - login - ERROR - ç¬¬8æ¡ç”¨ä¾‹ç»“æœ:fail - [test_login.py:27]
2019-02-19 15:48:41,141 - login - INFO - å¼€å§‹æ‰§è¡Œç¬¬8æ¡ç”¨ä¾‹ - [test_login.py:18]
2019-02-19 15:48:41,177 - login - ERROR - ç¬¬8æ¡ç”¨ä¾‹ç»“æœ:fail - [test_login.py:27]
2019-02-19 15:48:41,180 - login - INFO - å¼€å§‹æ‰§è¡Œç¬¬8æ¡ç”¨ä¾‹ - [test_login.py:18]
2019-02-19 15:48:41,213 - login - ERROR - ç¬¬8æ¡ç”¨ä¾‹ç»“æœ:fail - [test_login.py:27]
2019-02-19 15:48:41,217 - login - INFO - å¼€å§‹æ‰§è¡Œç¬¬8æ¡ç”¨ä¾‹ - [test_login.py:18]
2019-02-19 15:48:41,252 - login - ERROR - ç¬¬8æ¡ç”¨ä¾‹ç»“æœ:fail - [test_login.py:27]
2019-02-19 15:48:41,253 - login - INFO - å¼€å§‹æ‰§è¡Œç¬¬8æ¡ç”¨ä¾‹ - [test_login.py:18]
2019-02-19 15:48:41,289 - login - ERROR - ç¬¬8æ¡ç”¨ä¾‹ç»“æœ:fail - [test_login.py:27]
2019-02-19 15:48:41,290 - login - INFO - å¼€å§‹æ‰§è¡Œç¬¬8æ¡ç”¨ä¾‹ - [test_login.py:18]
2019-02-19 15:48:41,325 - login - ERROR - ç¬¬8æ¡ç”¨ä¾‹ç»“æœ:fail - [test_login.py:27]
2019-02-19 15:48:44,832 - login - INFO - å¼€å§‹æ‰§è¡Œç¬¬8æ¡ç”¨ä¾‹ - [test_login.py:18]
2019-02-19 15:48:44,917 - login - ERROR - ç¬¬8æ¡ç”¨ä¾‹ç»“æœ:fail - [test_login.py:27]
2019-02-19 15:48:44,920 - login - INFO - å¼€å§‹æ‰§è¡Œç¬¬8æ¡ç”¨ä¾‹ - [test_login.py:18]
2019-02-19 15:48:44,959 - login - ERROR - ç¬¬8æ¡ç”¨ä¾‹ç»“æœ:fail - [test_login.py:27]
2019-02-19 15:48:44,964 - login - INFO - å¼€å§‹æ‰§è¡Œç¬¬8æ¡ç”¨ä¾‹ - [test_login.py:18]
2019-02-19 15:48:45,009 - login - ERROR - ç¬¬8æ¡ç”¨ä¾‹ç»“æœ:fail - [test_login.py:27]
2019-02-19 15:48:45,013 - login - INFO - å¼€å§‹æ‰§è¡Œç¬¬8æ¡ç”¨ä¾‹ - [test_login.py:18]
2019-02-19 15:48:45,053 - login - ERROR - ç¬¬8æ¡ç”¨ä¾‹ç»“æœ:fail - [test_login.py:27]
2019-02-19 15:48:45,058 - login - INFO - å¼€å§‹æ‰§è¡Œç¬¬8æ¡ç”¨ä¾‹ - [test_login.py:18]
2019-02-19 15:48:45,096 - login - ERROR - ç¬¬8æ¡ç”¨ä¾‹ç»“æœ:fail - [test_login.py:27]
2019-02-19 15:48:45,099 - login - INFO - å¼€å§‹æ‰§è¡Œç¬¬8æ¡ç”¨ä¾‹ - [test_login.py:18]
2019-02-19 15:48:45,138 - login - ERROR - ç¬¬8æ¡ç”¨ä¾‹ç»“æœ:fail - [test_login.py:27]
2019-02-19 15:48:45,141 - login - INFO - å¼€å§‹æ‰§è¡Œç¬¬8æ¡ç”¨ä¾‹ - [test_login.py:18]
2019-02-19 15:48:45,178 - login - ERROR - ç¬¬8æ¡ç”¨ä¾‹ç»“æœ:fail - [test_login.py:27]
2019-02-19 15:48:45,180 - login - INFO - å¼€å§‹æ‰§è¡Œç¬¬8æ¡ç”¨ä¾‹ - [test_login.py:18]
2019-02-19 15:48:45,219 - login - ERROR - ç¬¬8æ¡ç”¨ä¾‹ç»“æœ:fail - [test_login.py:27]
2019-02-19 15:49:13,154 - login - INFO - å¼€å§‹æ‰§è¡Œç¬¬8æ¡ç”¨ä¾‹ - [test_login.py:18]
2019-02-19 15:49:13,234 - login - ERROR - ç¬¬8æ¡ç”¨ä¾‹ç»“æœ:fail - [test_login.py:27]
2019-02-19 15:49:13,237 - login - INFO - å¼€å§‹æ‰§è¡Œç¬¬8æ¡ç”¨ä¾‹ - [test_login.py:18]
2019-02-19 15:49:13,276 - login - ERROR - ç¬¬8æ¡ç”¨ä¾‹ç»“æœ:fail - [test_login.py:27]
2019-02-19 15:49:13,280 - login - INFO - å¼€å§‹æ‰§è¡Œç¬¬8æ¡ç”¨ä¾‹ - [test_login.py:18]
2019-02-19 15:49:13,322 - login - ERROR - ç¬¬8æ¡ç”¨ä¾‹ç»“æœ:fail - [test_login.py:27]
2019-02-19 15:49:13,326 - login - INFO - å¼€å§‹æ‰§è¡Œç¬¬8æ¡ç”¨ä¾‹ - [test_login.py:18]
2019-02-19 15:49:13,368 - login - ERROR - ç¬¬8æ¡ç”¨ä¾‹ç»“æœ:fail - [test_login.py:27]
2019-02-19 15:49:13,371 - login - INFO - å¼€å§‹æ‰§è¡Œç¬¬8æ¡ç”¨ä¾‹ - [test_login.py:18]
2019-02-19 15:49:13,407 - login - ERROR - ç¬¬8æ¡ç”¨ä¾‹ç»“æœ:fail - [test_login.py:27]
2019-02-19 15:49:13,410 - login - INFO - å¼€å§‹æ‰§è¡Œç¬¬8æ¡ç”¨ä¾‹ - [test_login.py:18]
2019-02-19 15:49:13,447 - login - ERROR - ç¬¬8æ¡ç”¨ä¾‹ç»“æœ:fail - [test_login.py:27]
2019-02-19 15:49:13,450 - login - INFO - å¼€å§‹æ‰§è¡Œç¬¬8æ¡ç”¨ä¾‹ - [test_login.py:18]
2019-02-19 15:49:13,487 - login - ERROR - ç¬¬8æ¡ç”¨ä¾‹ç»“æœ:fail - [test_login.py:27]
2019-02-19 15:49:13,490 - login - INFO - å¼€å§‹æ‰§è¡Œç¬¬8æ¡ç”¨ä¾‹ - [test_login.py:18]
2019-02-19 15:49:13,528 - login - ERROR - ç¬¬8æ¡ç”¨ä¾‹ç»“æœ:fail - [test_login.py:27]
2019-02-19 15:51:28,877 - login - INFO - å¼€å§‹æ‰§è¡Œç¬¬8æ¡ç”¨ä¾‹ - [test_login.py:18]
2019-02-19 15:51:28,953 - login - ERROR - ç¬¬8æ¡ç”¨ä¾‹ç»“æœ:fail - [test_login.py:27]
2019-02-19 15:51:28,956 - login - INFO - å¼€å§‹æ‰§è¡Œç¬¬8æ¡ç”¨ä¾‹ - [test_login.py:18]
2019-02-19 15:51:28,990 - login - ERROR - ç¬¬8æ¡ç”¨ä¾‹ç»“æœ:fail - [test_login.py:27]
2019-02-19 15:51:28,992 - login - INFO - å¼€å§‹æ‰§è¡Œç¬¬8æ¡ç”¨ä¾‹ - [test_login.py:18]
2019-02-19 15:51:29,029 - login - ERROR - ç¬¬8æ¡ç”¨ä¾‹ç»“æœ:fail - [test_login.py:27]
2019-02-19 15:51:29,032 - login - INFO - å¼€å§‹æ‰§è¡Œç¬¬8æ¡ç”¨ä¾‹ - [test_login.py:18]
2019-02-19 15:51:29,069 - login - ERROR - ç¬¬8æ¡ç”¨ä¾‹ç»“æœ:fail - [test_login.py:27]
2019-02-19 15:51:29,073 - login - INFO - å¼€å§‹æ‰§è¡Œç¬¬8æ¡ç”¨ä¾‹ - [test_login.py:18]
2019-02-19 15:51:29,111 - login - ERROR - ç¬¬8æ¡ç”¨ä¾‹ç»“æœ:fail - [test_login.py:27]
2019-02-19 15:51:29,112 - login - INFO - å¼€å§‹æ‰§è¡Œç¬¬8æ¡ç”¨ä¾‹ - [test_login.py:18]
2019-02-19 15:51:29,147 - login - ERROR - ç¬¬8æ¡ç”¨ä¾‹ç»“æœ:fail - [test_login.py:27]
2019-02-19 15:51:29,148 - login - INFO - å¼€å§‹æ‰§è¡Œç¬¬8æ¡ç”¨ä¾‹ - [test_login.py:18]
2019-02-19 15:51:29,184 - login - ERROR - ç¬¬8æ¡ç”¨ä¾‹ç»“æœ:fail - [test_login.py:27]
2019-02-19 15:51:29,186 - login - INFO - å¼€å§‹æ‰§è¡Œç¬¬8æ¡ç”¨ä¾‹ - [test_login.py:18]
2019-02-19 15:51:29,220 - login - ERROR - ç¬¬8æ¡ç”¨ä¾‹ç»“æœ:fail - [test_login.py:27]
2019-02-19 16:26:46,553 - login - INFO - å¼€å§‹æ‰§è¡Œç¬¬8æ¡ç”¨ä¾‹ - [test_login.py:18]
2019-02-19 16:26:46,654 - login - ERROR - ç¬¬8æ¡ç”¨ä¾‹ç»“æœ:fail - [test_login.py:27]
2019-02-19 16:26:46,657 - login - INFO - å¼€å§‹æ‰§è¡Œç¬¬8æ¡ç”¨ä¾‹ - [test_login.py:18]
2019-02-19 16:26:46,700 - login - ERROR - ç¬¬8æ¡ç”¨ä¾‹ç»“æœ:fail - [test_login.py:27]
2019-02-19 16:26:46,701 - login - INFO - å¼€å§‹æ‰§è¡Œç¬¬8æ¡ç”¨ä¾‹ - [test_login.py:18]
2019-02-19 16:26:46,736 - login - ERROR - ç¬¬8æ¡ç”¨ä¾‹ç»“æœ:fail - [test_login.py:27]
2019-02-19 16:26:46,737 - login - INFO - å¼€å§‹æ‰§è¡Œç¬¬8æ¡ç”¨ä¾‹ - [test_login.py:18]
2019-02-19 16:26:46,773 - login - ERROR - ç¬¬8æ¡ç”¨ä¾‹ç»“æœ:fail - [test_login.py:27]
2019-02-19 16:26:46,775 - login - INFO - å¼€å§‹æ‰§è¡Œç¬¬8æ¡ç”¨ä¾‹ - [test_login.py:18]
2019-02-19 16:26:46,809 - login - ERROR - ç¬¬8æ¡ç”¨ä¾‹ç»“æœ:fail - [test_login.py:27]
2019-02-19 16:26:46,812 - login - INFO - å¼€å§‹æ‰§è¡Œç¬¬8æ¡ç”¨ä¾‹ - [test_login.py:18]
2019-02-19 16:26:46,846 - login - ERROR - ç¬¬8æ¡ç”¨ä¾‹ç»“æœ:fail - [test_login.py:27]
2019-02-19 16:26:46,848 - login - INFO - å¼€å§‹æ‰§è¡Œç¬¬8æ¡ç”¨ä¾‹ - [test_login.py:18]
2019-02-19 16:26:46,884 - login - ERROR - ç¬¬8æ¡ç”¨ä¾‹ç»“æœ:fail - [test_login.py:27]
2019-02-19 16:26:46,885 - login - INFO - å¼€å§‹æ‰§è¡Œç¬¬8æ¡ç”¨ä¾‹ - [test_login.py:18]
2019-02-19 16:26:46,921 - login - ERROR - ç¬¬8æ¡ç”¨ä¾‹ç»“æœ:fail - [test_login.py:27]
2019-02-19 17:30:56,267 - login - INFO - å¼€å§‹æ‰§è¡Œç¬¬8æ¡ç”¨ä¾‹ - [test_login.py:18]
2019-02-19 17:30:56,407 - login - ERROR - ç¬¬8æ¡ç”¨ä¾‹ç»“æœ:fail - [test_login.py:27]
2019-02-19 17:30:56,411 - login - INFO - å¼€å§‹æ‰§è¡Œç¬¬8æ¡ç”¨ä¾‹ - [test_login.py:18]
2019-02-19 17:30:56,447 - login - ERROR - ç¬¬8æ¡ç”¨ä¾‹ç»“æœ:fail - [test_login.py:27]
2019-02-19 17:30:56,450 - login - INFO - å¼€å§‹æ‰§è¡Œç¬¬8æ¡ç”¨ä¾‹ - [test_login.py:18]
2019-02-19 17:30:56,486 - login - ERROR - ç¬¬8æ¡ç”¨ä¾‹ç»“æœ:fail - [test_login.py:27]
2019-02-19 17:30:56,487 - login - INFO - å¼€å§‹æ‰§è¡Œç¬¬8æ¡ç”¨ä¾‹ - [test_login.py:18]
2019-02-19 17:30:56,525 - login - ERROR - ç¬¬8æ¡ç”¨ä¾‹ç»“æœ:fail - [test_login.py:27]
2019-02-19 17:30:56,526 - login - INFO - å¼€å§‹æ‰§è¡Œç¬¬8æ¡ç”¨ä¾‹ - [test_login.py:18]
2019-02-19 17:30:56,562 - login - ERROR - ç¬¬8æ¡ç”¨ä¾‹ç»“æœ:fail - [test_login.py:27]
2019-02-19 17:30:56,565 - login - INFO - å¼€å§‹æ‰§è¡Œç¬¬8æ¡ç”¨ä¾‹ - [test_login.py:18]
2019-02-19 17:30:56,601 - login - ERROR - ç¬¬8æ¡ç”¨ä¾‹ç»“æœ:fail - [test_login.py:27]
2019-02-19 17:30:56,604 - login - INFO - å¼€å§‹æ‰§è¡Œç¬¬8æ¡ç”¨ä¾‹ - [test_login.py:18]
2019-02-19 17:30:56,638 - login - ERROR - ç¬¬8æ¡ç”¨ä¾‹ç»“æœ:fail - [test_login.py:27]
2019-02-19 17:30:56,641 - login - INFO - å¼€å§‹æ‰§è¡Œç¬¬8æ¡ç”¨ä¾‹ - [test_login.py:18]
2019-02-19 17:30:56,677 - login - ERROR - ç¬¬8æ¡ç”¨ä¾‹ç»“æœ:fail - [test_login.py:27]
2019-02-19 17:31:52,117 - login - INFO - å¼€å§‹æ‰§è¡Œç¬¬8æ¡ç”¨ä¾‹ - [test_login.py:18]
2019-02-19 17:31:52,226 - login - ERROR - ç¬¬8æ¡ç”¨ä¾‹ç»“æœ:fail - [test_login.py:27]
2019-02-19 17:31:52,230 - login - INFO - å¼€å§‹æ‰§è¡Œç¬¬8æ¡ç”¨ä¾‹ - [test_login.py:18]
2019-02-19 17:31:52,263 - login - ERROR - ç¬¬8æ¡ç”¨ä¾‹ç»“æœ:fail - [test_login.py:27]
2019-02-19 17:31:52,266 - login - INFO - å¼€å§‹æ‰§è¡Œç¬¬8æ¡ç”¨ä¾‹ - [test_login.py:18]
2019-02-19 17:31:52,301 - login - ERROR - ç¬¬8æ¡ç”¨ä¾‹ç»“æœ:fail - [test_login.py:27]
2019-02-19 17:31:52,303 - login - INFO - å¼€å§‹æ‰§è¡Œç¬¬8æ¡ç”¨ä¾‹ - [test_login.py:18]
2019-02-19 17:31:52,336 - login - ERROR - ç¬¬8æ¡ç”¨ä¾‹ç»“æœ:fail - [test_login.py:27]
2019-02-19 17:31:52,338 - login - INFO - å¼€å§‹æ‰§è¡Œç¬¬8æ¡ç”¨ä¾‹ - [test_login.py:18]
2019-02-19 17:31:52,374 - login - ERROR - ç¬¬8æ¡ç”¨ä¾‹ç»“æœ:fail - [test_login.py:27]
2019-02-19 17:31:52,375 - login - INFO - å¼€å§‹æ‰§è¡Œç¬¬8æ¡ç”¨ä¾‹ - [test_login.py:18]
2019-02-19 17:31:52,410 - login - ERROR - ç¬¬8æ¡ç”¨ä¾‹ç»“æœ:fail - [test_login.py:27]
2019-02-19 17:31:52,411 - login - INFO - å¼€å§‹æ‰§è¡Œç¬¬8æ¡ç”¨ä¾‹ - [test_login.py:18]
2019-02-19 17:31:52,444 - login - ERROR - ç¬¬8æ¡ç”¨ä¾‹ç»“æœ:fail - [test_login.py:27]
2019-02-19 17:31:52,447 - login - INFO - å¼€å§‹æ‰§è¡Œç¬¬8æ¡ç”¨ä¾‹ - [test_login.py:18]
2019-02-19 17:31:52,480 - login - ERROR - ç¬¬8æ¡ç”¨ä¾‹ç»“æœ:fail - [test_login.py:27]
2019-02-19 19:41:19,623 - login - INFO - å¼€å§‹æ‰§è¡Œç¬¬8æ¡ç”¨ä¾‹ - [test_login.py:18]
2019-02-19 19:41:19,828 - login - ERROR - ç¬¬8æ¡ç”¨ä¾‹ç»“æœ:fail - [test_login.py:27]
2019-02-19 19:41:20,014 - login - INFO - å¼€å§‹æ‰§è¡Œç¬¬8æ¡ç”¨ä¾‹ - [test_login.py:18]
2019-02-19 19:41:20,054 - login - ERROR - ç¬¬8æ¡ç”¨ä¾‹ç»“æœ:fail - [test_login.py:27]
2019-02-19 19:41:20,055 - login - INFO - å¼€å§‹æ‰§è¡Œç¬¬8æ¡ç”¨ä¾‹ - [test_login.py:18]
2019-02-19 19:41:20,092 - login - ERROR - ç¬¬8æ¡ç”¨ä¾‹ç»“æœ:fail - [test_login.py:27]
2019-02-19 19:41:20,093 - login - INFO - å¼€å§‹æ‰§è¡Œç¬¬8æ¡ç”¨ä¾‹ - [test_login.py:18]
2019-02-19 19:41:20,131 - login - ERROR - ç¬¬8æ¡ç”¨ä¾‹ç»“æœ:fail - [test_login.py:27]
2019-02-19 19:41:20,132 - login - INFO - å¼€å§‹æ‰§è¡Œç¬¬8æ¡ç”¨ä¾‹ - [test_login.py:18]
2019-02-19 19:41:20,168 - login - ERROR - ç¬¬8æ¡ç”¨ä¾‹ç»“æœ:fail - [test_login.py:27]
2019-02-19 19:41:20,169 - login - INFO - å¼€å§‹æ‰§è¡Œç¬¬8æ¡ç”¨ä¾‹ - [test_login.py:18]
2019-02-19 19:41:20,210 - login - ERROR - ç¬¬8æ¡ç”¨ä¾‹ç»“æœ:fail - [test_login.py:27]
2019-02-19 19:41:20,213 - login - INFO - å¼€å§‹æ‰§è¡Œç¬¬8æ¡ç”¨ä¾‹ - [test_login.py:18]
2019-02-19 19:41:20,256 - login - ERROR - ç¬¬8æ¡ç”¨ä¾‹ç»“æœ:fail - [test_login.py:27]
2019-02-19 19:41:20,258 - login - INFO - å¼€å§‹æ‰§è¡Œç¬¬8æ¡ç”¨ä¾‹ - [test_login.py:18]
2019-02-19 19:41:20,295 - login - ERROR - ç¬¬8æ¡ç”¨ä¾‹ç»“æœ:fail - [test_login.py:27]
2019-02-19 19:42:47,509 - login - INFO - å¼€å§‹æ‰§è¡Œç¬¬8æ¡ç”¨ä¾‹ - [test_login.py:18]
2019-02-19 19:42:47,587 - login - ERROR - ç¬¬8æ¡ç”¨ä¾‹ç»“æœ:fail - [test_login.py:27]
2019-02-19 19:42:47,589 - login - INFO - å¼€å§‹æ‰§è¡Œç¬¬8æ¡ç”¨ä¾‹ - [test_login.py:18]
2019-02-19 19:42:47,626 - login - ERROR - ç¬¬8æ¡ç”¨ä¾‹ç»“æœ:fail - [test_login.py:27]
2019-02-19 19:42:47,627 - login - INFO - å¼€å§‹æ‰§è¡Œç¬¬8æ¡ç”¨ä¾‹ - [test_login.py:18]
2019-02-19 19:42:47,665 - login - ERROR - ç¬¬8æ¡ç”¨ä¾‹ç»“æœ:fail - [test_login.py:27]
2019-02-19 19:42:47,666 - login - INFO - å¼€å§‹æ‰§è¡Œç¬¬8æ¡ç”¨ä¾‹ - [test_login.py:18]
2019-02-19 19:42:47,704 - login - ERROR - ç¬¬8æ¡ç”¨ä¾‹ç»“æœ:fail - [test_login.py:27]
2019-02-19 19:42:47,705 - login - INFO - å¼€å§‹æ‰§è¡Œç¬¬8æ¡ç”¨ä¾‹ - [test_login.py:18]
2019-02-19 19:42:47,742 - login - ERROR - ç¬¬8æ¡ç”¨ä¾‹ç»“æœ:fail - [test_login.py:27]
2019-02-19 19:42:47,743 - login - INFO - å¼€å§‹æ‰§è¡Œç¬¬8æ¡ç”¨ä¾‹ - [test_login.py:18]
2019-02-19 19:42:47,781 - login - ERROR - ç¬¬8æ¡ç”¨ä¾‹ç»“æœ:fail - [test_login.py:27]
2019-02-19 19:42:47,782 - login - INFO - å¼€å§‹æ‰§è¡Œç¬¬8æ¡ç”¨ä¾‹ - [test_login.py:18]
2019-02-19 19:42:47,819 - login - ERROR - ç¬¬8æ¡ç”¨ä¾‹ç»“æœ:fail - [test_login.py:27]
2019-02-19 19:42:47,820 - login - INFO - å¼€å§‹æ‰§è¡Œç¬¬8æ¡ç”¨ä¾‹ - [test_login.py:18]
2019-02-19 19:42:47,857 - login - ERROR - ç¬¬8æ¡ç”¨ä¾‹ç»“æœ:fail - [test_login.py:27]
2019-02-19 19:44:05,847 - login - INFO - å¼€å§‹æ‰§è¡Œç¬¬8æ¡ç”¨ä¾‹ - [test_login.py:18]
2019-02-19 19:44:05,919 - login - ERROR - ç¬¬8æ¡ç”¨ä¾‹ç»“æœ:fail - [test_login.py:27]
2019-02-19 19:44:05,920 - login - INFO - å¼€å§‹æ‰§è¡Œç¬¬8æ¡ç”¨ä¾‹ - [test_login.py:18]
2019-02-19 19:44:05,956 - login - ERROR - ç¬¬8æ¡ç”¨ä¾‹ç»“æœ:fail - [test_login.py:27]
2019-02-19 19:44:05,956 - login - INFO - å¼€å§‹æ‰§è¡Œç¬¬8æ¡ç”¨ä¾‹ - [test_login.py:18]
2019-02-19 19:44:05,992 - login - ERROR - ç¬¬8æ¡ç”¨ä¾‹ç»“æœ:fail - [test_login.py:27]
2019-02-19 19:44:05,993 - login - INFO - å¼€å§‹æ‰§è¡Œç¬¬8æ¡ç”¨ä¾‹ - [test_login.py:18]
2019-02-19 19:44:06,030 - login - ERROR - ç¬¬8æ¡ç”¨ä¾‹ç»“æœ:fail - [test_login.py:27]
2019-02-19 19:44:06,031 - login - INFO - å¼€å§‹æ‰§è¡Œç¬¬8æ¡ç”¨ä¾‹ - [test_login.py:18]
2019-02-19 19:44:06,066 - login - ERROR - ç¬¬8æ¡ç”¨ä¾‹ç»“æœ:fail - [test_login.py:27]
2019-02-19 19:44:06,067 - login - INFO - å¼€å§‹æ‰§è¡Œç¬¬8æ¡ç”¨ä¾‹ - [test_login.py:18]
2019-02-19 19:44:06,103 - login - ERROR - ç¬¬8æ¡ç”¨ä¾‹ç»“æœ:fail - [test_login.py:27]
2019-02-19 19:44:06,104 - login - INFO - å¼€å§‹æ‰§è¡Œç¬¬8æ¡ç”¨ä¾‹ - [test_login.py:18]
2019-02-19 19:44:06,141 - login - ERROR - ç¬¬8æ¡ç”¨ä¾‹ç»“æœ:fail - [test_login.py:27]
2019-02-19 19:44:06,142 - login - INFO - å¼€å§‹æ‰§è¡Œç¬¬8æ¡ç”¨ä¾‹ - [test_login.py:18]
2019-02-19 19:44:06,177 - login - ERROR - ç¬¬8æ¡ç”¨ä¾‹ç»“æœ:fail - [test_login.py:27]
2019-02-19 19:45:01,811 - login - INFO - å¼€å§‹æ‰§è¡Œç¬¬8æ¡ç”¨ä¾‹ - [test_login.py:18]
2019-02-19 19:45:01,895 - login - ERROR - ç¬¬8æ¡ç”¨ä¾‹ç»“æœ:fail - [test_login.py:27]
2019-02-19 19:45:01,908 - login - INFO - å¼€å§‹æ‰§è¡Œç¬¬8æ¡ç”¨ä¾‹ - [test_login.py:18]
2019-02-19 19:45:01,948 - login - ERROR - ç¬¬8æ¡ç”¨ä¾‹ç»“æœ:fail - [test_login.py:27]
2019-02-19 19:45:01,950 - login - INFO - å¼€å§‹æ‰§è¡Œç¬¬8æ¡ç”¨ä¾‹ - [test_login.py:18]
2019-02-19 19:45:01,988 - login - ERROR - ç¬¬8æ¡ç”¨ä¾‹ç»“æœ:fail - [test_login.py:27]
2019-02-19 19:45:01,990 - login - INFO - å¼€å§‹æ‰§è¡Œç¬¬8æ¡ç”¨ä¾‹ - [test_login.py:18]
2019-02-19 19:45:02,028 - login - ERROR - ç¬¬8æ¡ç”¨ä¾‹ç»“æœ:fail - [test_login.py:27]
2019-02-19 19:45:02,031 - login - INFO - å¼€å§‹æ‰§è¡Œç¬¬8æ¡ç”¨ä¾‹ - [test_login.py:18]
2019-02-19 19:45:02,068 - login - ERROR - ç¬¬8æ¡ç”¨ä¾‹ç»“æœ:fail - [test_login.py:27]
2019-02-19 19:45:02,070 - login - INFO - å¼€å§‹æ‰§è¡Œç¬¬8æ¡ç”¨ä¾‹ - [test_login.py:18]
2019-02-19 19:45:02,108 - login - ERROR - ç¬¬8æ¡ç”¨ä¾‹ç»“æœ:fail - [test_login.py:27]
2019-02-19 19:45:02,110 - login - INFO - å¼€å§‹æ‰§è¡Œç¬¬8æ¡ç”¨ä¾‹ - [test_login.py:18]
2019-02-19 19:45:02,149 - login - ERROR - ç¬¬8æ¡ç”¨ä¾‹ç»“æœ:fail - [test_login.py:27]
2019-02-19 19:45:02,151 - login - INFO - å¼€å§‹æ‰§è¡Œç¬¬8æ¡ç”¨ä¾‹ - [test_login.py:18]
2019-02-19 19:45:02,189 - login - ERROR - ç¬¬8æ¡ç”¨ä¾‹ç»“æœ:fail - [test_login.py:27]
2019-02-19 20:42:22,003 - login - INFO - å¼€å§‹æ‰§è¡Œç¬¬1æ¡ç”¨ä¾‹ - [test_login.py:18]
2019-02-19 20:42:22,216 - login - ERROR - ç¬¬1æ¡ç”¨ä¾‹ç»“æœ:fail - [test_login.py:27]
2019-02-19 20:42:22,259 - login - INFO - å¼€å§‹æ‰§è¡Œç¬¬2æ¡ç”¨ä¾‹ - [test_login.py:18]
2019-02-19 20:42:22,297 - login - ERROR - ç¬¬2æ¡ç”¨ä¾‹ç»“æœ:fail - [test_login.py:27]
2019-02-19 20:42:22,299 - login - INFO - å¼€å§‹æ‰§è¡Œç¬¬3æ¡ç”¨ä¾‹ - [test_login.py:18]
2019-02-19 20:42:22,337 - login - ERROR - ç¬¬3æ¡ç”¨ä¾‹ç»“æœ:fail - [test_login.py:27]
2019-02-19 20:42:22,340 - login - INFO - å¼€å§‹æ‰§è¡Œç¬¬4æ¡ç”¨ä¾‹ - [test_login.py:18]
2019-02-19 20:42:22,378 - login - ERROR - ç¬¬4æ¡ç”¨ä¾‹ç»“æœ:fail - [test_login.py:27]
2019-02-19 20:42:22,381 - login - INFO - å¼€å§‹æ‰§è¡Œç¬¬5æ¡ç”¨ä¾‹ - [test_login.py:18]
2019-02-19 20:42:22,419 - login - ERROR - ç¬¬5æ¡ç”¨ä¾‹ç»“æœ:fail - [test_login.py:27]
2019-02-19 20:42:22,426 - login - INFO - å¼€å§‹æ‰§è¡Œç¬¬6æ¡ç”¨ä¾‹ - [test_login.py:18]
2019-02-19 20:42:22,469 - login - ERROR - ç¬¬6æ¡ç”¨ä¾‹ç»“æœ:fail - [test_login.py:27]
2019-02-19 20:42:22,473 - login - INFO - å¼€å§‹æ‰§è¡Œç¬¬7æ¡ç”¨ä¾‹ - [test_login.py:18]
2019-02-19 20:42:22,511 - login - ERROR - ç¬¬7æ¡ç”¨ä¾‹ç»“æœ:fail - [test_login.py:27]
2019-02-19 20:42:22,513 - login - INFO - å¼€å§‹æ‰§è¡Œç¬¬8æ¡ç”¨ä¾‹ - [test_login.py:18]
2019-02-19 20:42:22,550 - login - ERROR - ç¬¬8æ¡ç”¨ä¾‹ç»“æœ:fail - [test_login.py:27]
2019-02-19 20:49:03,510 - login - INFO - å¼€å§‹æ‰§è¡Œç¬¬1æ¡ç”¨ä¾‹ - [test_login.py:18]
2019-02-19 20:49:03,591 - login - ERROR - ç¬¬1æ¡ç”¨ä¾‹ç»“æœ:fail - [test_login.py:27]
2019-02-19 20:49:03,598 - login - INFO - å¼€å§‹æ‰§è¡Œç¬¬2æ¡ç”¨ä¾‹ - [test_login.py:18]
2019-02-19 20:49:03,638 - login - ERROR - ç¬¬2æ¡ç”¨ä¾‹ç»“æœ:fail - [test_login.py:27]
2019-02-19 20:49:03,641 - login - INFO - å¼€å§‹æ‰§è¡Œç¬¬3æ¡ç”¨ä¾‹ - [test_login.py:18]
2019-02-19 20:49:03,677 - login - ERROR - ç¬¬3æ¡ç”¨ä¾‹ç»“æœ:fail - [test_login.py:27]
2019-02-19 20:49:03,679 - login - INFO - å¼€å§‹æ‰§è¡Œç¬¬4æ¡ç”¨ä¾‹ - [test_login.py:18]
2019-02-19 20:49:03,715 - login - ERROR - ç¬¬4æ¡ç”¨ä¾‹ç»“æœ:fail - [test_login.py:27]
2019-02-19 20:49:03,717 - login - INFO - å¼€å§‹æ‰§è¡Œç¬¬5æ¡ç”¨ä¾‹ - [test_login.py:18]
2019-02-19 20:49:03,754 - login - ERROR - ç¬¬5æ¡ç”¨ä¾‹ç»“æœ:fail - [test_login.py:27]
2019-02-19 20:49:03,756 - login - INFO - å¼€å§‹æ‰§è¡Œç¬¬6æ¡ç”¨ä¾‹ - [test_login.py:18]
2019-02-19 20:49:03,792 - login - ERROR - ç¬¬6æ¡ç”¨ä¾‹ç»“æœ:fail - [test_login.py:27]
2019-02-19 20:49:03,794 - login - INFO - å¼€å§‹æ‰§è¡Œç¬¬7æ¡ç”¨ä¾‹ - [test_login.py:18]
2019-02-19 20:49:03,830 - login - ERROR - ç¬¬7æ¡ç”¨ä¾‹ç»“æœ:fail - [test_login.py:27]
2019-02-19 20:49:03,833 - login - INFO - å¼€å§‹æ‰§è¡Œç¬¬8æ¡ç”¨ä¾‹ - [test_login.py:18]
2019-02-19 20:49:03,869 - login - ERROR - ç¬¬8æ¡ç”¨ä¾‹ç»“æœ:fail - [test_login.py:27]
2019-02-19 20:52:01,965 - login - INFO - å¼€å§‹æ‰§è¡Œç¬¬1æ¡ç”¨ä¾‹ - [test_login.py:18]
2019-02-19 20:52:02,044 - login - ERROR - ç¬¬1æ¡ç”¨ä¾‹ç»“æœ:fail - [test_login.py:27]
2019-02-19 20:52:02,047 - login - INFO - å¼€å§‹æ‰§è¡Œç¬¬2æ¡ç”¨ä¾‹ - [test_login.py:18]
2019-02-19 20:52:02,083 - login - ERROR - ç¬¬2æ¡ç”¨ä¾‹ç»“æœ:fail - [test_login.py:27]
2019-02-19 20:52:02,085 - login - INFO - å¼€å§‹æ‰§è¡Œç¬¬3æ¡ç”¨ä¾‹ - [test_login.py:18]
2019-02-19 20:52:02,121 - login - ERROR - ç¬¬3æ¡ç”¨ä¾‹ç»“æœ:fail - [test_login.py:27]
2019-02-19 20:52:02,123 - login - INFO - å¼€å§‹æ‰§è¡Œç¬¬4æ¡ç”¨ä¾‹ - [test_login.py:18]
2019-02-19 20:52:02,158 - login - ERROR - ç¬¬4æ¡ç”¨ä¾‹ç»“æœ:fail - [test_login.py:27]
2019-02-19 20:52:02,160 - login - INFO - å¼€å§‹æ‰§è¡Œç¬¬5æ¡ç”¨ä¾‹ - [test_login.py:18]
2019-02-19 20:52:02,195 - login - ERROR - ç¬¬5æ¡ç”¨ä¾‹ç»“æœ:fail - [test_login.py:27]
2019-02-19 20:52:02,198 - login - INFO - å¼€å§‹æ‰§è¡Œç¬¬6æ¡ç”¨ä¾‹ - [test_login.py:18]
2019-02-19 20:52:02,234 - login - ERROR - ç¬¬6æ¡ç”¨ä¾‹ç»“æœ:fail - [test_login.py:27]
2019-02-19 20:52:02,241 - login - INFO - å¼€å§‹æ‰§è¡Œç¬¬7æ¡ç”¨ä¾‹ - [test_login.py:18]
2019-02-19 20:52:02,280 - login - ERROR - ç¬¬7æ¡ç”¨ä¾‹ç»“æœ:fail - [test_login.py:27]
2019-02-19 20:52:02,284 - login - INFO - å¼€å§‹æ‰§è¡Œç¬¬8æ¡ç”¨ä¾‹ - [test_login.py:18]
2019-02-19 20:52:02,321 - login - ERROR - ç¬¬8æ¡ç”¨ä¾‹ç»“æœ:fail - [test_login.py:27]
2019-02-19 20:55:48,108 - login - INFO - å¼€å§‹æ‰§è¡Œç¬¬1æ¡ç”¨ä¾‹ - [test_login.py:18]
2019-02-19 20:55:48,261 - login - ERROR - ç¬¬1æ¡ç”¨ä¾‹ç»“æœ:fail - [test_login.py:27]
2019-02-19 20:55:48,265 - login - INFO - å¼€å§‹æ‰§è¡Œç¬¬2æ¡ç”¨ä¾‹ - [test_login.py:18]
2019-02-19 20:55:48,303 - login - ERROR - ç¬¬2æ¡ç”¨ä¾‹ç»“æœ:fail - [test_login.py:27]
2019-02-19 20:55:48,305 - login - INFO - å¼€å§‹æ‰§è¡Œç¬¬3æ¡ç”¨ä¾‹ - [test_login.py:18]
2019-02-19 20:55:48,344 - login - ERROR - ç¬¬3æ¡ç”¨ä¾‹ç»“æœ:fail - [test_login.py:27]
2019-02-19 20:55:48,346 - login - INFO - å¼€å§‹æ‰§è¡Œç¬¬4æ¡ç”¨ä¾‹ - [test_login.py:18]
2019-02-19 20:55:48,384 - login - ERROR - ç¬¬4æ¡ç”¨ä¾‹ç»“æœ:fail - [test_login.py:27]
2019-02-19 20:55:48,386 - login - INFO - å¼€å§‹æ‰§è¡Œç¬¬5æ¡ç”¨ä¾‹ - [test_login.py:18]
2019-02-19 20:55:48,424 - login - ERROR - ç¬¬5æ¡ç”¨ä¾‹ç»“æœ:fail - [test_login.py:27]
2019-02-19 20:55:48,426 - login - INFO - å¼€å§‹æ‰§è¡Œç¬¬6æ¡ç”¨ä¾‹ - [test_login.py:18]
2019-02-19 20:55:48,465 - login - ERROR - ç¬¬6æ¡ç”¨ä¾‹ç»“æœ:fail - [test_login.py:27]
2019-02-19 20:55:48,472 - login - INFO - å¼€å§‹æ‰§è¡Œç¬¬7æ¡ç”¨ä¾‹ - [test_login.py:18]
2019-02-19 20:55:48,514 - login - ERROR - ç¬¬7æ¡ç”¨ä¾‹ç»“æœ:fail - [test_login.py:27]
2019-02-19 20:55:48,517 - login - INFO - å¼€å§‹æ‰§è¡Œç¬¬8æ¡ç”¨ä¾‹ - [test_login.py:18]
2019-02-19 20:55:48,555 - login - ERROR - ç¬¬8æ¡ç”¨ä¾‹ç»“æœ:fail - [test_login.py:27]
2019-02-19 20:57:26,336 - login - INFO - å¼€å§‹æ‰§è¡Œç¬¬1æ¡ç”¨ä¾‹ - [test_login.py:18]
2019-02-19 20:57:26,422 - login - ERROR - ç¬¬1æ¡ç”¨ä¾‹ç»“æœ:fail - [test_login.py:27]
2019-02-19 20:57:26,432 - login - INFO - å¼€å§‹æ‰§è¡Œç¬¬2æ¡ç”¨ä¾‹ - [test_login.py:18]
2019-02-19 20:57:26,476 - login - ERROR - ç¬¬2æ¡ç”¨ä¾‹ç»“æœ:fail - [test_login.py:27]
2019-02-19 20:57:26,482 - login - INFO - å¼€å§‹æ‰§è¡Œç¬¬3æ¡ç”¨ä¾‹ - [test_login.py:18]
2019-02-19 20:57:26,527 - login - ERROR - ç¬¬3æ¡ç”¨ä¾‹ç»“æœ:fail - [test_login.py:27]
2019-02-19 20:57:26,533 - login - INFO - å¼€å§‹æ‰§è¡Œç¬¬4æ¡ç”¨ä¾‹ - [test_login.py:18]
2019-02-19 20:57:26,577 - login - ERROR - ç¬¬4æ¡ç”¨ä¾‹ç»“æœ:fail - [test_login.py:27]
2019-02-19 20:57:26,584 - login - INFO - å¼€å§‹æ‰§è¡Œç¬¬5æ¡ç”¨ä¾‹ - [test_login.py:18]
2019-02-19 20:57:26,626 - login - ERROR - ç¬¬5æ¡ç”¨ä¾‹ç»“æœ:fail - [test_login.py:27]
2019-02-19 20:57:26,630 - login - INFO - å¼€å§‹æ‰§è¡Œç¬¬6æ¡ç”¨ä¾‹ - [test_login.py:18]
2019-02-19 20:57:26,670 - login - ERROR - ç¬¬6æ¡ç”¨ä¾‹ç»“æœ:fail - [test_login.py:27]
2019-02-19 20:57:26,673 - login - INFO - å¼€å§‹æ‰§è¡Œç¬¬7æ¡ç”¨ä¾‹ - [test_login.py:18]
2019-02-19 20:57:26,714 - login - ERROR - ç¬¬7æ¡ç”¨ä¾‹ç»“æœ:fail - [test_login.py:27]
2019-02-19 20:57:26,722 - login - INFO - å¼€å§‹æ‰§è¡Œç¬¬8æ¡ç”¨ä¾‹ - [test_login.py:18]
2019-02-19 20:57:26,768 - login - ERROR - ç¬¬8æ¡ç”¨ä¾‹ç»“æœ:fail - [test_login.py:27]
2019-02-19 20:58:40,442 - login - INFO - å¼€å§‹æ‰§è¡Œç¬¬1æ¡ç”¨ä¾‹ - [test_login.py:18]
2019-02-19 20:58:40,522 - login - ERROR - ç¬¬1æ¡ç”¨ä¾‹ç»“æœ:fail - [test_login.py:27]
2019-02-19 20:58:40,531 - login - INFO - å¼€å§‹æ‰§è¡Œç¬¬2æ¡ç”¨ä¾‹ - [test_login.py:18]
2019-02-19 20:58:40,570 - login - ERROR - ç¬¬2æ¡ç”¨ä¾‹ç»“æœ:fail - [test_login.py:27]
2019-02-19 20:58:40,574 - login - INFO - å¼€å§‹æ‰§è¡Œç¬¬3æ¡ç”¨ä¾‹ - [test_login.py:18]
2019-02-19 20:58:40,611 - login - ERROR - ç¬¬3æ¡ç”¨ä¾‹ç»“æœ:fail - [test_login.py:27]
2019-02-19 20:58:40,614 - login - INFO - å¼€å§‹æ‰§è¡Œç¬¬4æ¡ç”¨ä¾‹ - [test_login.py:18]
2019-02-19 20:58:40,650 - login - ERROR - ç¬¬4æ¡ç”¨ä¾‹ç»“æœ:fail - [test_login.py:27]
2019-02-19 20:58:40,654 - login - INFO - å¼€å§‹æ‰§è¡Œç¬¬5æ¡ç”¨ä¾‹ - [test_login.py:18]
2019-02-19 20:58:40,690 - login - ERROR - ç¬¬5æ¡ç”¨ä¾‹ç»“æœ:fail - [test_login.py:27]
2019-02-19 20:58:40,694 - login - INFO - å¼€å§‹æ‰§è¡Œç¬¬6æ¡ç”¨ä¾‹ - [test_login.py:18]
2019-02-19 20:58:40,730 - login - ERROR - ç¬¬6æ¡ç”¨ä¾‹ç»“æœ:fail - [test_login.py:27]
2019-02-19 20:58:40,733 - login - INFO - å¼€å§‹æ‰§è¡Œç¬¬7æ¡ç”¨ä¾‹ - [test_login.py:18]
2019-02-19 20:58:40,769 - login - ERROR - ç¬¬7æ¡ç”¨ä¾‹ç»“æœ:fail - [test_login.py:27]
2019-02-19 20:58:40,772 - login - INFO - å¼€å§‹æ‰§è¡Œç¬¬8æ¡ç”¨ä¾‹ - [test_login.py:18]
2019-02-19 20:58:40,808 - login - ERROR - ç¬¬8æ¡ç”¨ä¾‹ç»“æœ:fail - [test_login.py:27]
2019-02-20 11:40:38,751 - login - INFO - å¼€å§‹æ‰§è¡Œç¬¬1æ¡ç”¨ä¾‹ - [test_login.py:18]
2019-02-20 11:40:38,885 - login - ERROR - ç¬¬1æ¡ç”¨ä¾‹ç»“æœ:fail - [test_login.py:27]
2019-02-20 11:40:38,889 - login - INFO - å¼€å§‹æ‰§è¡Œç¬¬2æ¡ç”¨ä¾‹ - [test_login.py:18]
2019-02-20 11:40:38,962 - login - ERROR - ç¬¬2æ¡ç”¨ä¾‹ç»“æœ:fail - [test_login.py:27]
2019-02-20 11:40:38,968 - login - INFO - å¼€å§‹æ‰§è¡Œç¬¬3æ¡ç”¨ä¾‹ - [test_login.py:18]
2019-02-20 11:40:39,047 - login - ERROR - ç¬¬3æ¡ç”¨ä¾‹ç»“æœ:fail - [test_login.py:27]
2019-02-20 11:40:39,050 - login - INFO - å¼€å§‹æ‰§è¡Œç¬¬4æ¡ç”¨ä¾‹ - [test_login.py:18]
2019-02-20 11:40:39,122 - login - ERROR - ç¬¬4æ¡ç”¨ä¾‹ç»“æœ:fail - [test_login.py:27]
2019-02-20 11:40:39,129 - login - INFO - å¼€å§‹æ‰§è¡Œç¬¬5æ¡ç”¨ä¾‹ - [test_login.py:18]
2019-02-20 11:40:39,200 - login - ERROR - ç¬¬5æ¡ç”¨ä¾‹ç»“æœ:fail - [test_login.py:27]
2019-02-20 11:40:39,205 - login - INFO - å¼€å§‹æ‰§è¡Œç¬¬6æ¡ç”¨ä¾‹ - [test_login.py:18]
2019-02-20 11:40:39,277 - login - ERROR - ç¬¬6æ¡ç”¨ä¾‹ç»“æœ:fail - [test_login.py:27]
2019-02-20 11:40:39,284 - login - INFO - å¼€å§‹æ‰§è¡Œç¬¬7æ¡ç”¨ä¾‹ - [test_login.py:18]
2019-02-20 11:40:39,356 - login - ERROR - ç¬¬7æ¡ç”¨ä¾‹ç»“æœ:fail - [test_login.py:27]
2019-02-20 11:40:39,361 - login - INFO - å¼€å§‹æ‰§è¡Œç¬¬8æ¡ç”¨ä¾‹ - [test_login.py:18]
2019-02-20 11:40:39,434 - login - ERROR - ç¬¬8æ¡ç”¨ä¾‹ç»“æœ:fail - [test_login.py:27]
